2024-10-10 19:58:15.058 [info] Extension host with pid 75061 started
2024-10-10 19:58:15.058 [info] Skipping acquiring lock for /home/pranav/.config/VSCodium/User/workspaceStorage/dae29ae927dce2d63420b229d29f72a4.
2024-10-10 19:58:15.232 [info] ExtensionService#_doActivateExtension DivyanshuAgrawal.competitive-programming-helper, startup: false, activationEvent: 'onView:cph.judgeView'
2024-10-10 19:58:15.255 [info] ExtensionService#_doActivateExtension vscode.emmet, startup: false, activationEvent: 'onLanguage'
2024-10-10 19:58:15.269 [info] ExtensionService#_doActivateExtension llvm-vs-code-extensions.vscode-clangd, startup: false, activationEvent: 'onLanguage:cpp'
2024-10-10 19:58:15.972 [info] ExtensionService#_doActivateExtension vscode.git-base, startup: true, activationEvent: '*', root cause: vscode.git
2024-10-10 19:58:15.977 [info] ExtensionService#_doActivateExtension christian-kohler.path-intellisense, startup: true, activationEvent: '*'
2024-10-10 19:58:16.020 [info] ExtensionService#_doActivateExtension vscode.git, startup: true, activationEvent: '*'
2024-10-10 19:58:16.121 [info] ExtensionService#_doActivateExtension vscode.github, startup: true, activationEvent: '*'
2024-10-10 19:58:16.286 [info] Eager extensions activated
2024-10-10 19:58:16.380 [info] ExtensionService#_doActivateExtension vscode.debug-auto-launch, startup: false, activationEvent: 'onStartupFinished'
2024-10-10 19:58:16.384 [info] ExtensionService#_doActivateExtension vscode.merge-conflict, startup: false, activationEvent: 'onStartupFinished'
2024-10-10 19:58:16.414 [info] ExtensionService#_doActivateExtension monokai.theme-monokai-pro-vscode, startup: false, activationEvent: 'onStartupFinished'
2024-10-10 19:58:18.021 [error] [llvm-vs-code-extensions.vscode-clangd] provider FAILED
2024-10-10 19:58:18.021 [error] {"_isCancelled":true,"_emitter":null}
2024-10-10 19:58:18.025 [error] [llvm-vs-code-extensions.vscode-clangd] provider FAILED
2024-10-10 19:58:18.025 [error] {"_isCancelled":true,"_emitter":null}
2024-10-10 19:58:18.025 [error] [llvm-vs-code-extensions.vscode-clangd] provider FAILED
2024-10-10 19:58:18.025 [error] {"_isCancelled":true,"_emitter":null}
2024-10-10 19:58:18.025 [error] [llvm-vs-code-extensions.vscode-clangd] provider FAILED
2024-10-10 19:58:18.025 [error] {"_isCancelled":true,"_emitter":null}
2024-10-10 19:58:18.026 [error] [llvm-vs-code-extensions.vscode-clangd] provider FAILED
2024-10-10 19:58:18.026 [error] {"_isCancelled":true,"_emitter":null}
2024-10-10 19:58:50.108 [info] Extension host terminating: renderer closed the MessagePort
2024-10-10 19:58:50.124 [info] Extension host with pid 75061 exiting with code 0
