2024-10-10 20:19:20.556 [info] Extension host with pid 7389 started
2024-10-10 20:19:20.556 [info] Skipping acquiring lock for /home/pranav/.config/VSCodium/User/workspaceStorage/dae29ae927dce2d63420b229d29f72a4.
2024-10-10 20:19:20.755 [info] ExtensionService#_doActivateExtension DivyanshuAgrawal.competitive-programming-helper, startup: false, activationEvent: 'onView:cph.judgeView'
2024-10-10 20:19:20.783 [info] ExtensionService#_doActivateExtension vscode.emmet, startup: false, activationEvent: 'onLanguage'
2024-10-10 20:19:20.806 [info] ExtensionService#_doActivateExtension llvm-vs-code-extensions.vscode-clangd, startup: false, activationEvent: 'onLanguage:cpp'
2024-10-10 20:19:21.297 [info] ExtensionService#_doActivateExtension vscode.git-base, startup: true, activationEvent: '*', root cause: vscode.git
2024-10-10 20:19:21.302 [info] ExtensionService#_doActivateExtension christian-kohler.path-intellisense, startup: true, activationEvent: '*'
2024-10-10 20:19:21.358 [info] ExtensionService#_doActivateExtension vscode.git, startup: true, activationEvent: '*'
2024-10-10 20:19:21.520 [info] ExtensionService#_doActivateExtension vscode.github, startup: true, activationEvent: '*'
2024-10-10 20:19:21.752 [info] Eager extensions activated
2024-10-10 20:19:21.846 [info] ExtensionService#_doActivateExtension vscode.debug-auto-launch, startup: false, activationEvent: 'onStartupFinished'
2024-10-10 20:19:21.855 [info] ExtensionService#_doActivateExtension vscode.merge-conflict, startup: false, activationEvent: 'onStartupFinished'
2024-10-10 20:19:21.910 [info] ExtensionService#_doActivateExtension monokai.theme-monokai-pro-vscode, startup: false, activationEvent: 'onStartupFinished'
2024-10-10 20:19:24.982 [error] [llvm-vs-code-extensions.vscode-clangd] provider FAILED
2024-10-10 20:19:24.982 [error] {"_isCancelled":true,"_emitter":null}
2024-10-10 20:19:24.984 [error] [llvm-vs-code-extensions.vscode-clangd] provider FAILED
2024-10-10 20:19:24.984 [error] {"_isCancelled":true,"_emitter":null}
2024-10-10 20:19:24.984 [error] [llvm-vs-code-extensions.vscode-clangd] provider FAILED
2024-10-10 20:19:24.984 [error] {"_isCancelled":true,"_emitter":null}
2024-10-10 20:19:24.985 [error] [llvm-vs-code-extensions.vscode-clangd] provider FAILED
2024-10-10 20:19:24.985 [error] {"_isCancelled":true,"_emitter":null}
