2024-10-10 19:58:16.349 [info] [main] Log level: Info
2024-10-10 19:58:16.349 [info] [main] Validating found git in: "git"
2024-10-10 19:58:16.349 [info] [main] Using git "2.47.0" from "git"
2024-10-10 19:58:16.349 [info] [Model][doInitialScan] Initial repository scan started
2024-10-10 19:58:16.349 [info] > git rev-parse --show-toplevel [6ms]
2024-10-10 19:58:16.349 [info] fatal: not a git repository (or any of the parent directories): .git
2024-10-10 19:58:16.349 [info] > git rev-parse --show-toplevel [4ms]
2024-10-10 19:58:16.349 [info] fatal: not a git repository (or any of the parent directories): .git
2024-10-10 19:58:16.351 [info] > git rev-parse --show-toplevel [5ms]
2024-10-10 19:58:16.351 [info] fatal: not a git repository (or any of the parent directories): .git
2024-10-10 19:58:16.364 [info] > git rev-parse --show-toplevel [4ms]
2024-10-10 19:58:16.364 [info] fatal: not a git repository (or any of the parent directories): .git
2024-10-10 19:58:16.432 [info] > git rev-parse --show-toplevel [57ms]
2024-10-10 19:58:16.432 [info] fatal: not a git repository (or any of the parent directories): .git
2024-10-10 19:58:16.468 [info] > git rev-parse --show-toplevel [3ms]
2024-10-10 19:58:16.468 [info] fatal: not a git repository (or any of the parent directories): .git
2024-10-10 19:58:16.484 [info] > git rev-parse --show-toplevel [2ms]
2024-10-10 19:58:16.484 [info] fatal: not a git repository (or any of the parent directories): .git
2024-10-10 19:58:16.500 [info] > git rev-parse --show-toplevel [1ms]
2024-10-10 19:58:16.500 [info] fatal: not a git repository (or any of the parent directories): .git
2024-10-10 19:58:16.501 [info] [Model][doInitialScan] Initial repository scan completed - repositories (0), closed repositories (0), parent repositories (0), unsafe repositories (0)
2024-10-10 19:58:16.579 [info] > git rev-parse --show-toplevel [4ms]
2024-10-10 19:58:16.579 [info] fatal: not a git repository (or any of the parent directories): .git
2024-10-10 19:58:17.401 [info] > git rev-parse --show-toplevel [13ms]
2024-10-10 19:58:17.403 [info] fatal: not a git repository (or any of the parent directories): .git
