2024-10-10 15:21:29.595 [info] [main] Log level: Info
2024-10-10 15:21:29.595 [info] [main] Validating found git in: "git"
2024-10-10 15:21:29.595 [info] [main] Using git "2.46.2" from "git"
2024-10-10 15:21:29.595 [info] [Model][doInitialScan] Initial repository scan started
2024-10-10 15:21:29.595 [info] > git rev-parse --show-toplevel [13ms]
2024-10-10 15:21:29.595 [info] fatal: not a git repository (or any of the parent directories): .git
2024-10-10 15:21:29.595 [info] > git rev-parse --show-toplevel [23ms]
2024-10-10 15:21:29.595 [info] fatal: not a git repository (or any of the parent directories): .git
2024-10-10 15:21:29.603 [info] > git rev-parse --show-toplevel [1ms]
2024-10-10 15:21:29.603 [info] fatal: not a git repository (or any of the parent directories): .git
2024-10-10 15:21:29.612 [info] > git rev-parse --show-toplevel [2ms]
2024-10-10 15:21:29.612 [info] fatal: not a git repository (or any of the parent directories): .git
2024-10-10 15:21:29.629 [info] > git rev-parse --show-toplevel [4ms]
2024-10-10 15:21:29.629 [info] fatal: not a git repository (or any of the parent directories): .git
2024-10-10 15:21:29.644 [info] > git rev-parse --show-toplevel [1ms]
2024-10-10 15:21:29.644 [info] fatal: not a git repository (or any of the parent directories): .git
2024-10-10 15:21:29.659 [info] > git rev-parse --show-toplevel [4ms]
2024-10-10 15:21:29.659 [info] fatal: not a git repository (or any of the parent directories): .git
2024-10-10 15:21:29.659 [info] [Model][doInitialScan] Initial repository scan completed - repositories (0), closed repositories (0), parent repositories (0), unsafe repositories (0)
2024-10-10 15:21:29.729 [info] > git rev-parse --show-toplevel [13ms]
2024-10-10 15:21:29.729 [info] fatal: not a git repository (or any of the parent directories): .git
2024-10-10 15:21:29.740 [info] > git rev-parse --show-toplevel [3ms]
2024-10-10 15:21:29.740 [info] fatal: not a git repository (or any of the parent directories): .git
2024-10-10 15:21:29.854 [info] > git rev-parse --show-toplevel [4ms]
2024-10-10 15:21:29.854 [info] fatal: not a git repository (or any of the parent directories): .git
2024-10-10 15:21:30.789 [info] > git rev-parse --show-toplevel [2ms]
2024-10-10 15:21:30.789 [info] fatal: not a git repository (or any of the parent directories): .git
2024-10-10 15:23:22.774 [info] > git rev-parse --show-toplevel [12ms]
2024-10-10 15:23:22.774 [info] fatal: not a git repository (or any of the parent directories): .git
2024-10-10 15:42:04.376 [info] > git rev-parse --show-toplevel [1ms]
2024-10-10 15:42:04.377 [info] fatal: not a git repository (or any of the parent directories): .git
2024-10-10 15:46:05.485 [info] > git rev-parse --show-toplevel [3ms]
2024-10-10 15:46:05.485 [info] fatal: not a git repository (or any of the parent directories): .git
2024-10-10 17:34:34.876 [info] > git rev-parse --show-toplevel [11ms]
2024-10-10 17:34:34.876 [info] fatal: not a git repository (or any of the parent directories): .git
2024-10-10 18:06:37.680 [info] > git rev-parse --show-toplevel [13ms]
2024-10-10 18:06:37.680 [info] fatal: not a git repository (or any of the parent directories): .git
2024-10-10 19:30:33.879 [info] > git rev-parse --show-toplevel [17ms]
2024-10-10 19:30:33.881 [info] fatal: not a git repository (or any of the parent directories): .git
