2024-10-09 20:23:15.586 [info] [main] Log level: Info
2024-10-09 20:23:15.587 [info] [main] Validating found git in: "git"
2024-10-09 20:23:15.587 [info] [main] Using git "2.46.2" from "git"
2024-10-09 20:23:15.587 [info] [Model][doInitialScan] Initial repository scan started
2024-10-09 20:23:15.587 [info] > git rev-parse --show-toplevel [10ms]
2024-10-09 20:23:15.587 [info] fatal: not a git repository (or any of the parent directories): .git
2024-10-09 20:23:15.587 [info] > git rev-parse --show-toplevel [5ms]
2024-10-09 20:23:15.587 [info] fatal: not a git repository (or any of the parent directories): .git
2024-10-09 20:23:15.607 [info] > git rev-parse --show-toplevel [5ms]
2024-10-09 20:23:15.607 [info] fatal: not a git repository (or any of the parent directories): .git
2024-10-09 20:23:15.654 [info] > git rev-parse --show-toplevel [13ms]
2024-10-09 20:23:15.654 [info] fatal: not a git repository (or any of the parent directories): .git
2024-10-09 20:23:15.667 [info] > git rev-parse --show-toplevel [3ms]
2024-10-09 20:23:15.667 [info] fatal: not a git repository (or any of the parent directories): .git
2024-10-09 20:23:15.675 [info] > git rev-parse --show-toplevel [2ms]
2024-10-09 20:23:15.675 [info] fatal: not a git repository (or any of the parent directories): .git
2024-10-09 20:23:15.682 [info] > git rev-parse --show-toplevel [1ms]
2024-10-09 20:23:15.682 [info] fatal: not a git repository (or any of the parent directories): .git
2024-10-09 20:23:15.683 [info] [Model][doInitialScan] Initial repository scan completed - repositories (0), closed repositories (0), parent repositories (0), unsafe repositories (0)
2024-10-09 20:23:15.692 [info] > git rev-parse --show-toplevel [1ms]
2024-10-09 20:23:15.692 [info] fatal: not a git repository (or any of the parent directories): .git
2024-10-09 20:23:15.769 [info] > git rev-parse --show-toplevel [1ms]
2024-10-09 20:23:15.769 [info] fatal: not a git repository (or any of the parent directories): .git
2024-10-09 20:23:15.896 [info] > git rev-parse --show-toplevel [5ms]
2024-10-09 20:23:15.896 [info] fatal: not a git repository (or any of the parent directories): .git
