2024-10-09 20:35:14.917 [info] Extension host with pid 3378 started
2024-10-09 20:35:14.917 [info] Skipping acquiring lock for /home/pranav/.config/VSCodium/User/workspaceStorage/dae29ae927dce2d63420b229d29f72a4.
2024-10-09 20:35:15.043 [info] ExtensionService#_doActivateExtension DivyanshuAgrawal.competitive-programming-helper, startup: false, activationEvent: 'onView:cph.judgeView'
2024-10-09 20:35:15.059 [info] ExtensionService#_doActivateExtension llvm-vs-code-extensions.vscode-clangd, startup: false, activationEvent: 'onLanguage:cpp'
2024-10-09 20:35:15.093 [info] ExtensionService#_doActivateExtension vscode.emmet, startup: false, activationEvent: 'onLanguage'
2024-10-09 20:35:15.406 [info] ExtensionService#_doActivateExtension vscode.git-base, startup: true, activationEvent: '*', root cause: vscode.git
2024-10-09 20:35:15.410 [info] ExtensionService#_doActivateExtension christian-kohler.path-intellisense, startup: true, activationEvent: '*'
2024-10-09 20:35:15.485 [info] ExtensionService#_doActivateExtension vscode.git, startup: true, activationEvent: '*'
2024-10-09 20:35:15.513 [info] ExtensionService#_doActivateExtension vscode.github, startup: true, activationEvent: '*'
2024-10-09 20:35:15.565 [info] Eager extensions activated
2024-10-09 20:35:15.602 [info] ExtensionService#_doActivateExtension vscode.debug-auto-launch, startup: false, activationEvent: 'onStartupFinished'
2024-10-09 20:35:15.606 [info] ExtensionService#_doActivateExtension vscode.merge-conflict, startup: false, activationEvent: 'onStartupFinished'
2024-10-09 20:35:15.616 [info] ExtensionService#_doActivateExtension monokai.theme-monokai-pro-vscode, startup: false, activationEvent: 'onStartupFinished'
2024-10-09 20:35:18.061 [error] [llvm-vs-code-extensions.vscode-clangd] provider FAILED
2024-10-09 20:35:18.061 [error] {"_isCancelled":true,"_emitter":null}
2024-10-09 20:35:18.062 [error] [llvm-vs-code-extensions.vscode-clangd] provider FAILED
2024-10-09 20:35:18.062 [error] {"_isCancelled":true,"_emitter":null}
2024-10-09 20:35:18.063 [error] [llvm-vs-code-extensions.vscode-clangd] provider FAILED
2024-10-09 20:35:18.063 [error] {"_isCancelled":true,"_emitter":null}
2024-10-09 20:35:18.064 [error] [llvm-vs-code-extensions.vscode-clangd] provider FAILED
2024-10-09 20:35:18.064 [error] {"_isCancelled":true,"_emitter":null}
2024-10-09 20:35:18.064 [error] [llvm-vs-code-extensions.vscode-clangd] provider FAILED
2024-10-09 20:35:18.064 [error] {"_isCancelled":true,"_emitter":null}
2024-10-09 20:35:27.120 [error] [llvm-vs-code-extensions.vscode-clangd] provider FAILED
2024-10-09 20:35:27.120 [error] {"_isCancelled":true,"_emitter":null}
2024-10-10 00:52:06.851 [info] Extension host terminating: renderer closed the MessagePort
2024-10-10 00:52:06.855 [info] Extension host with pid 3378 exiting with code 0
